2022-06-27 23:49:09,800 INFO com.bootcampfinish.afp.AfpApplication [restartedMain] Starting AfpApplication using Java 11.0.15 on DESKTOP-O047MD4 with PID 4516 (D:\NTT DATA\AFP\afp\target\classes started by ADMIN in D:\NTT DATA\AFP\afp)
2022-06-27 23:49:09,800 INFO com.bootcampfinish.afp.AfpApplication [restartedMain] The following 1 profile is active: "prod"
2022-06-27 23:53:15,910 INFO com.bootcampfinish.afp.AfpApplicationTests [main] Starting AfpApplicationTests using Java 11.0.15 on DESKTOP-O047MD4 with PID 6804 (started by ADMIN in D:\NTT DATA\AFP\afp)
2022-06-27 23:53:15,910 INFO com.bootcampfinish.afp.AfpApplicationTests [main] The following 1 profile is active: "prod"
2022-06-27 23:53:33,083 INFO com.bootcampfinish.afp.AfpApplicationTests [main] Starting AfpApplicationTests using Java 11.0.15 on DESKTOP-O047MD4 with PID 5696 (started by ADMIN in D:\NTT DATA\AFP\afp)
2022-06-27 23:53:33,083 INFO com.bootcampfinish.afp.AfpApplicationTests [main] The following 1 profile is active: "prod"
2022-06-27 23:55:42,148 INFO com.bootcampfinish.afp.AfpApplication [restartedMain] Starting AfpApplication using Java 11.0.15 on DESKTOP-O047MD4 with PID 9692 (D:\NTT DATA\AFP\afp\target\classes started by ADMIN in D:\NTT DATA\AFP\afp)
2022-06-27 23:55:42,148 INFO com.bootcampfinish.afp.AfpApplication [restartedMain] The following 1 profile is active: "prod"
2022-06-27 23:56:56,881 INFO com.bootcampfinish.afp.AfpApplicationTests [main] Starting AfpApplicationTests using Java 11.0.15 on DESKTOP-O047MD4 with PID 4676 (started by ADMIN in D:\NTT DATA\AFP\afp)
2022-06-27 23:56:56,896 INFO com.bootcampfinish.afp.AfpApplicationTests [main] The following 1 profile is active: "prod"
2022-06-28 00:01:13,364 INFO com.bootcampfinish.afp.AfpApplicationTests [main] Starting AfpApplicationTests using Java 11.0.15 on DESKTOP-O047MD4 with PID 6840 (started by ADMIN in D:\NTT DATA\AFP\afp)
2022-06-28 00:01:13,364 INFO com.bootcampfinish.afp.AfpApplicationTests [main] The following 1 profile is active: "prod"
2022-06-28 00:01:40,521 INFO com.bootcampfinish.afp.AfpApplication [restartedMain] Starting AfpApplication using Java 11.0.15 on DESKTOP-O047MD4 with PID 16872 (D:\NTT DATA\AFP\afp\target\classes started by ADMIN in D:\NTT DATA\AFP\afp)
2022-06-28 00:01:40,521 INFO com.bootcampfinish.afp.AfpApplication [restartedMain] The following 1 profile is active: "prod"
2022-06-28 00:03:14,690 INFO com.bootcampfinish.afp.AfpApplication [restartedMain] Starting AfpApplication using Java 11.0.15 on DESKTOP-O047MD4 with PID 4644 (D:\NTT DATA\AFP\afp\target\classes started by ADMIN in D:\NTT DATA\AFP\afp)
2022-06-28 00:03:14,690 INFO com.bootcampfinish.afp.AfpApplication [restartedMain] The following 1 profile is active: "prod"
2022-06-28 00:04:55,427 INFO com.bootcampfinish.afp.AfpApplicationTests [main] Starting AfpApplicationTests using Java 11.0.15 on DESKTOP-O047MD4 with PID 3444 (started by ADMIN in D:\NTT DATA\AFP\afp)
2022-06-28 00:04:55,442 INFO com.bootcampfinish.afp.AfpApplicationTests [main] The following 1 profile is active: "prod"
2022-06-28 00:07:56,390 INFO com.bootcampfinish.afp.AfpApplication [restartedMain] Starting AfpApplication using Java 11.0.15 on DESKTOP-O047MD4 with PID 5348 (D:\NTT DATA\AFP\afp\target\classes started by ADMIN in D:\NTT DATA\AFP\afp)
2022-06-28 00:07:56,390 INFO com.bootcampfinish.afp.AfpApplication [restartedMain] The following 1 profile is active: "prod"
2022-06-28 00:10:08,310 INFO com.bootcampfinish.afp.AfpApplicationTests [main] Starting AfpApplicationTests using Java 11.0.15 on DESKTOP-O047MD4 with PID 5332 (started by ADMIN in D:\NTT DATA\AFP\afp)
2022-06-28 00:10:08,310 INFO com.bootcampfinish.afp.AfpApplicationTests [main] The following 1 profile is active: "prod"
2022-06-28 00:10:41,400 INFO com.bootcampfinish.afp.AfpApplication [restartedMain] Starting AfpApplication using Java 11.0.15 on DESKTOP-O047MD4 with PID 1776 (D:\NTT DATA\AFP\afp\target\classes started by ADMIN in D:\NTT DATA\AFP\afp)
2022-06-28 00:10:41,400 INFO com.bootcampfinish.afp.AfpApplication [restartedMain] The following 1 profile is active: "prod"
2022-06-28 00:11:44,283 INFO com.bootcampfinish.afp.AfpApplicationTests [main] Starting AfpApplicationTests using Java 11.0.15 on DESKTOP-O047MD4 with PID 2556 (started by ADMIN in D:\NTT DATA\AFP\afp)
2022-06-28 00:11:44,283 INFO com.bootcampfinish.afp.AfpApplicationTests [main] The following 1 profile is active: "prod"
2022-06-28 00:17:52,208 INFO com.bootcampfinish.afp.AfpApplicationTests [main] Starting AfpApplicationTests using Java 11.0.15 on DESKTOP-O047MD4 with PID 9480 (started by ADMIN in D:\NTT DATA\AFP\afp)
2022-06-28 00:17:52,208 INFO com.bootcampfinish.afp.AfpApplicationTests [main] The following 1 profile is active: "prod"
2022-06-28 00:24:26,465 INFO com.bootcampfinish.afp.AfpApplication [restartedMain] Starting AfpApplication using Java 11.0.15 on DESKTOP-O047MD4 with PID 20228 (D:\NTT DATA\AFP\afp\target\classes started by ADMIN in D:\NTT DATA\AFP\afp)
2022-06-28 00:24:26,481 INFO com.bootcampfinish.afp.AfpApplication [restartedMain] The following 1 profile is active: "prod"
2022-06-28 04:36:33,417 INFO com.bootcampfinish.afp.AfpApplication [restartedMain] Starting AfpApplication using Java 11.0.15 on DESKTOP-O047MD4 with PID 8300 (D:\NTT DATA\AFP\afp\target\classes started by ADMIN in D:\NTT DATA\AFP\afp)
2022-06-28 04:36:33,417 INFO com.bootcampfinish.afp.AfpApplication [restartedMain] The following 1 profile is active: "prod"
2022-06-28 04:36:38,530 INFO com.bootcampfinish.afp.AfpApplication [restartedMain] Started AfpApplication in 5.58 seconds (JVM running for 6.358)
